2022-09-13 09:55:33.701 +05:00 [Error] [Microsoft.EntityFrameworkCore.Query] [{ Id: 10100, Name: "Microsoft.EntityFrameworkCore.Query.QueryIterationFailed" }] An exception occurred while iterating over the results of a query for context type '"ForApiProject.Data.Contexts.MarketDBContext"'."
""System.ArgumentException: Couldn't set host:ec2-3-224-164-189.compute-1.amazonaws.com;database (Parameter 'host:ec2-3-224-164-189.compute-1.amazonaws.com;database')
 ---> System.Collections.Generic.KeyNotFoundException: The given key was not present in the dictionary.
   at Npgsql.NpgsqlConnectionStringBuilder.GeneratedSetter(String keyword, Object value)
   at Npgsql.NpgsqlConnectionStringBuilder.set_Item(String keyword, Object value)
   --- End of inner exception stack trace ---
   at Npgsql.NpgsqlConnectionStringBuilder.set_Item(String keyword, Object value)
   at System.Data.Common.DbConnectionStringBuilder.set_ConnectionString(String value)
   at Npgsql.NpgsqlConnectionStringBuilder..ctor(String connectionString)
   at Npgsql.NpgsqlConnection.GetPoolAndSettings()
   at Npgsql.NpgsqlConnection.set_ConnectionString(String value)
   at Npgsql.NpgsqlConnection..ctor(String connectionString)
   at Npgsql.EntityFrameworkCore.PostgreSQL.Storage.Internal.NpgsqlRelationalConnection.CreateDbConnection()
   at Microsoft.EntityFrameworkCore.Storage.RelationalConnection.get_DbConnection()
   at Microsoft.EntityFrameworkCore.Storage.RelationalCommand.CreateDbCommand(RelationalCommandParameterObject parameterObject, Guid commandId, DbCommandMethod commandMethod)
   at Microsoft.EntityFrameworkCore.Storage.RelationalCommand.ExecuteReader(RelationalCommandParameterObject parameterObject)
   at Microsoft.EntityFrameworkCore.Query.Internal.SingleQueryingEnumerable`1.Enumerator.InitializeReader(Enumerator enumerator)
   at Microsoft.EntityFrameworkCore.Query.Internal.SingleQueryingEnumerable`1.Enumerator.<>c.<MoveNext>b__19_0(DbContext _, Enumerator enumerator)
   at Npgsql.EntityFrameworkCore.PostgreSQL.Storage.Internal.NpgsqlExecutionStrategy.Execute[TState,TResult](TState state, Func`3 operation, Func`3 verifySucceeded)
   at Microsoft.EntityFrameworkCore.Query.Internal.SingleQueryingEnumerable`1.Enumerator.MoveNext()"
System.ArgumentException: Couldn't set host:ec2-3-224-164-189.compute-1.amazonaws.com;database (Parameter 'host:ec2-3-224-164-189.compute-1.amazonaws.com;database')
 ---> System.Collections.Generic.KeyNotFoundException: The given key was not present in the dictionary.
   at Npgsql.NpgsqlConnectionStringBuilder.GeneratedSetter(String keyword, Object value)
   at Npgsql.NpgsqlConnectionStringBuilder.set_Item(String keyword, Object value)
   --- End of inner exception stack trace ---
   at Npgsql.NpgsqlConnectionStringBuilder.set_Item(String keyword, Object value)
   at System.Data.Common.DbConnectionStringBuilder.set_ConnectionString(String value)
   at Npgsql.NpgsqlConnectionStringBuilder..ctor(String connectionString)
   at Npgsql.NpgsqlConnection.GetPoolAndSettings()
   at Npgsql.NpgsqlConnection.set_ConnectionString(String value)
   at Npgsql.NpgsqlConnection..ctor(String connectionString)
   at Npgsql.EntityFrameworkCore.PostgreSQL.Storage.Internal.NpgsqlRelationalConnection.CreateDbConnection()
   at Microsoft.EntityFrameworkCore.Storage.RelationalConnection.get_DbConnection()
   at Microsoft.EntityFrameworkCore.Storage.RelationalCommand.CreateDbCommand(RelationalCommandParameterObject parameterObject, Guid commandId, DbCommandMethod commandMethod)
   at Microsoft.EntityFrameworkCore.Storage.RelationalCommand.ExecuteReader(RelationalCommandParameterObject parameterObject)
   at Microsoft.EntityFrameworkCore.Query.Internal.SingleQueryingEnumerable`1.Enumerator.InitializeReader(Enumerator enumerator)
   at Microsoft.EntityFrameworkCore.Query.Internal.SingleQueryingEnumerable`1.Enumerator.<>c.<MoveNext>b__19_0(DbContext _, Enumerator enumerator)
   at Npgsql.EntityFrameworkCore.PostgreSQL.Storage.Internal.NpgsqlExecutionStrategy.Execute[TState,TResult](TState state, Func`3 operation, Func`3 verifySucceeded)
   at Microsoft.EntityFrameworkCore.Query.Internal.SingleQueryingEnumerable`1.Enumerator.MoveNext()
2022-09-13 09:55:33.781 +05:00 [Error] [ForApiProject.API.Middlewares.Middleware] [] System.ArgumentException: Couldn't set host:ec2-3-224-164-189.compute-1.amazonaws.com;database (Parameter 'host:ec2-3-224-164-189.compute-1.amazonaws.com;database')
 ---> System.Collections.Generic.KeyNotFoundException: The given key was not present in the dictionary.
   at Npgsql.NpgsqlConnectionStringBuilder.GeneratedSetter(String keyword, Object value)
   at Npgsql.NpgsqlConnectionStringBuilder.set_Item(String keyword, Object value)
   --- End of inner exception stack trace ---
   at Npgsql.NpgsqlConnectionStringBuilder.set_Item(String keyword, Object value)
   at System.Data.Common.DbConnectionStringBuilder.set_ConnectionString(String value)
   at Npgsql.NpgsqlConnectionStringBuilder..ctor(String connectionString)
   at Npgsql.NpgsqlConnection.GetPoolAndSettings()
   at Npgsql.NpgsqlConnection.set_ConnectionString(String value)
   at Npgsql.NpgsqlConnection..ctor(String connectionString)
   at Npgsql.EntityFrameworkCore.PostgreSQL.Storage.Internal.NpgsqlRelationalConnection.CreateDbConnection()
   at Microsoft.EntityFrameworkCore.Storage.RelationalConnection.get_DbConnection()
   at Microsoft.EntityFrameworkCore.Storage.RelationalCommand.CreateDbCommand(RelationalCommandParameterObject parameterObject, Guid commandId, DbCommandMethod commandMethod)
   at Microsoft.EntityFrameworkCore.Storage.RelationalCommand.ExecuteReader(RelationalCommandParameterObject parameterObject)
   at Microsoft.EntityFrameworkCore.Query.Internal.SingleQueryingEnumerable`1.Enumerator.InitializeReader(Enumerator enumerator)
   at Microsoft.EntityFrameworkCore.Query.Internal.SingleQueryingEnumerable`1.Enumerator.<>c.<MoveNext>b__19_0(DbContext _, Enumerator enumerator)
   at Npgsql.EntityFrameworkCore.PostgreSQL.Storage.Internal.NpgsqlExecutionStrategy.Execute[TState,TResult](TState state, Func`3 operation, Func`3 verifySucceeded)
   at Microsoft.EntityFrameworkCore.Query.Internal.SingleQueryingEnumerable`1.Enumerator.MoveNext()
   at System.Collections.Generic.List`1..ctor(IEnumerable`1 collection)
   at System.Linq.Enumerable.ToList[TSource](IEnumerable`1 source)
   at ForApiProject.Service.Services.ProductService.GetAllWithCategoryAsync(PaginationParams params, Expression`1 expression) in C:\Users\otaxo\source\repos\ForApiProject\ForApiProject.Service\Services\ProductService.cs:line 57
   at ForApiProject.API.Controllers.ProductsController.GetAllAsync(PaginationParams params) in C:\Users\otaxo\source\repos\ForApiProject\ForApiProject.API\Controllers\ProductsController.cs:line 30
   at lambda_method5(Closure , Object )
   at Microsoft.AspNetCore.Mvc.Infrastructure.ActionMethodExecutor.AwaitableObjectResultExecutor.Execute(IActionResultTypeMapper mapper, ObjectMethodExecutor executor, Object controller, Object[] arguments)
   at Microsoft.AspNetCore.Mvc.Infrastructure.ControllerActionInvoker.<InvokeActionMethodAsync>g__Awaited|12_0(ControllerActionInvoker invoker, ValueTask`1 actionResultValueTask)
   at Microsoft.AspNetCore.Mvc.Infrastructure.ControllerActionInvoker.<InvokeNextActionFilterAsync>g__Awaited|10_0(ControllerActionInvoker invoker, Task lastTask, State next, Scope scope, Object state, Boolean isCompleted)
   at Microsoft.AspNetCore.Mvc.Infrastructure.ControllerActionInvoker.Rethrow(ActionExecutedContextSealed context)
   at Microsoft.AspNetCore.Mvc.Infrastructure.ControllerActionInvoker.Next(State& next, Scope& scope, Object& state, Boolean& isCompleted)
   at Microsoft.AspNetCore.Mvc.Infrastructure.ControllerActionInvoker.InvokeInnerFilterAsync()
--- End of stack trace from previous location ---
   at Microsoft.AspNetCore.Mvc.Infrastructure.ResourceInvoker.<InvokeFilterPipelineAsync>g__Awaited|20_0(ResourceInvoker invoker, Task lastTask, State next, Scope scope, Object state, Boolean isCompleted)
   at Microsoft.AspNetCore.Mvc.Infrastructure.ResourceInvoker.<InvokeAsync>g__Awaited|17_0(ResourceInvoker invoker, Task task, IDisposable scope)
   at Microsoft.AspNetCore.Mvc.Infrastructure.ResourceInvoker.<InvokeAsync>g__Awaited|17_0(ResourceInvoker invoker, Task task, IDisposable scope)
   at Microsoft.AspNetCore.Routing.EndpointMiddleware.<Invoke>g__AwaitRequestTask|6_0(Endpoint endpoint, Task requestTask, ILogger logger)
   at Microsoft.AspNetCore.Authorization.AuthorizationMiddleware.Invoke(HttpContext context)
   at ForApiProject.API.Middlewares.Middleware.Invoke(HttpContext context) in C:\Users\otaxo\source\repos\ForApiProject\ForApiProject.API\Middlewares\Middleware.cs:line 24
2022-09-13 09:55:44.669 +05:00 [Error] [Microsoft.EntityFrameworkCore.Query] [{ Id: 10100, Name: "Microsoft.EntityFrameworkCore.Query.QueryIterationFailed" }] An exception occurred while iterating over the results of a query for context type '"ForApiProject.Data.Contexts.MarketDBContext"'."
""System.ArgumentException: Couldn't set host:ec2-3-224-164-189.compute-1.amazonaws.com;database (Parameter 'host:ec2-3-224-164-189.compute-1.amazonaws.com;database')
 ---> System.Collections.Generic.KeyNotFoundException: The given key was not present in the dictionary.
   at Npgsql.NpgsqlConnectionStringBuilder.GeneratedSetter(String keyword, Object value)
   at Npgsql.NpgsqlConnectionStringBuilder.set_Item(String keyword, Object value)
   --- End of inner exception stack trace ---
   at Npgsql.NpgsqlConnectionStringBuilder.set_Item(String keyword, Object value)
   at System.Data.Common.DbConnectionStringBuilder.set_ConnectionString(String value)
   at Npgsql.NpgsqlConnectionStringBuilder..ctor(String connectionString)
   at Npgsql.NpgsqlConnection.GetPoolAndSettings()
   at Npgsql.NpgsqlConnection.set_ConnectionString(String value)
   at Npgsql.NpgsqlConnection..ctor(String connectionString)
   at Npgsql.EntityFrameworkCore.PostgreSQL.Storage.Internal.NpgsqlRelationalConnection.CreateDbConnection()
   at Microsoft.EntityFrameworkCore.Storage.RelationalConnection.get_DbConnection()
   at Microsoft.EntityFrameworkCore.Storage.RelationalCommand.CreateDbCommand(RelationalCommandParameterObject parameterObject, Guid commandId, DbCommandMethod commandMethod)
   at Microsoft.EntityFrameworkCore.Storage.RelationalCommand.ExecuteReader(RelationalCommandParameterObject parameterObject)
   at Microsoft.EntityFrameworkCore.Query.Internal.SingleQueryingEnumerable`1.Enumerator.InitializeReader(Enumerator enumerator)
   at Microsoft.EntityFrameworkCore.Query.Internal.SingleQueryingEnumerable`1.Enumerator.<>c.<MoveNext>b__19_0(DbContext _, Enumerator enumerator)
   at Npgsql.EntityFrameworkCore.PostgreSQL.Storage.Internal.NpgsqlExecutionStrategy.Execute[TState,TResult](TState state, Func`3 operation, Func`3 verifySucceeded)
   at Microsoft.EntityFrameworkCore.Query.Internal.SingleQueryingEnumerable`1.Enumerator.MoveNext()"
System.ArgumentException: Couldn't set host:ec2-3-224-164-189.compute-1.amazonaws.com;database (Parameter 'host:ec2-3-224-164-189.compute-1.amazonaws.com;database')
 ---> System.Collections.Generic.KeyNotFoundException: The given key was not present in the dictionary.
   at Npgsql.NpgsqlConnectionStringBuilder.GeneratedSetter(String keyword, Object value)
   at Npgsql.NpgsqlConnectionStringBuilder.set_Item(String keyword, Object value)
   --- End of inner exception stack trace ---
   at Npgsql.NpgsqlConnectionStringBuilder.set_Item(String keyword, Object value)
   at System.Data.Common.DbConnectionStringBuilder.set_ConnectionString(String value)
   at Npgsql.NpgsqlConnectionStringBuilder..ctor(String connectionString)
   at Npgsql.NpgsqlConnection.GetPoolAndSettings()
   at Npgsql.NpgsqlConnection.set_ConnectionString(String value)
   at Npgsql.NpgsqlConnection..ctor(String connectionString)
   at Npgsql.EntityFrameworkCore.PostgreSQL.Storage.Internal.NpgsqlRelationalConnection.CreateDbConnection()
   at Microsoft.EntityFrameworkCore.Storage.RelationalConnection.get_DbConnection()
   at Microsoft.EntityFrameworkCore.Storage.RelationalCommand.CreateDbCommand(RelationalCommandParameterObject parameterObject, Guid commandId, DbCommandMethod commandMethod)
   at Microsoft.EntityFrameworkCore.Storage.RelationalCommand.ExecuteReader(RelationalCommandParameterObject parameterObject)
   at Microsoft.EntityFrameworkCore.Query.Internal.SingleQueryingEnumerable`1.Enumerator.InitializeReader(Enumerator enumerator)
   at Microsoft.EntityFrameworkCore.Query.Internal.SingleQueryingEnumerable`1.Enumerator.<>c.<MoveNext>b__19_0(DbContext _, Enumerator enumerator)
   at Npgsql.EntityFrameworkCore.PostgreSQL.Storage.Internal.NpgsqlExecutionStrategy.Execute[TState,TResult](TState state, Func`3 operation, Func`3 verifySucceeded)
   at Microsoft.EntityFrameworkCore.Query.Internal.SingleQueryingEnumerable`1.Enumerator.MoveNext()
2022-09-13 09:55:44.672 +05:00 [Error] [ForApiProject.API.Middlewares.Middleware] [] System.ArgumentException: Couldn't set host:ec2-3-224-164-189.compute-1.amazonaws.com;database (Parameter 'host:ec2-3-224-164-189.compute-1.amazonaws.com;database')
 ---> System.Collections.Generic.KeyNotFoundException: The given key was not present in the dictionary.
   at Npgsql.NpgsqlConnectionStringBuilder.GeneratedSetter(String keyword, Object value)
   at Npgsql.NpgsqlConnectionStringBuilder.set_Item(String keyword, Object value)
   --- End of inner exception stack trace ---
   at Npgsql.NpgsqlConnectionStringBuilder.set_Item(String keyword, Object value)
   at System.Data.Common.DbConnectionStringBuilder.set_ConnectionString(String value)
   at Npgsql.NpgsqlConnectionStringBuilder..ctor(String connectionString)
   at Npgsql.NpgsqlConnection.GetPoolAndSettings()
   at Npgsql.NpgsqlConnection.set_ConnectionString(String value)
   at Npgsql.NpgsqlConnection..ctor(String connectionString)
   at Npgsql.EntityFrameworkCore.PostgreSQL.Storage.Internal.NpgsqlRelationalConnection.CreateDbConnection()
   at Microsoft.EntityFrameworkCore.Storage.RelationalConnection.get_DbConnection()
   at Microsoft.EntityFrameworkCore.Storage.RelationalCommand.CreateDbCommand(RelationalCommandParameterObject parameterObject, Guid commandId, DbCommandMethod commandMethod)
   at Microsoft.EntityFrameworkCore.Storage.RelationalCommand.ExecuteReader(RelationalCommandParameterObject parameterObject)
   at Microsoft.EntityFrameworkCore.Query.Internal.SingleQueryingEnumerable`1.Enumerator.InitializeReader(Enumerator enumerator)
   at Microsoft.EntityFrameworkCore.Query.Internal.SingleQueryingEnumerable`1.Enumerator.<>c.<MoveNext>b__19_0(DbContext _, Enumerator enumerator)
   at Npgsql.EntityFrameworkCore.PostgreSQL.Storage.Internal.NpgsqlExecutionStrategy.Execute[TState,TResult](TState state, Func`3 operation, Func`3 verifySucceeded)
   at Microsoft.EntityFrameworkCore.Query.Internal.SingleQueryingEnumerable`1.Enumerator.MoveNext()
   at System.Collections.Generic.List`1..ctor(IEnumerable`1 collection)
   at System.Linq.Enumerable.ToList[TSource](IEnumerable`1 source)
   at ForApiProject.Service.Services.ProductService.GetAllWithCategoryAsync(PaginationParams params, Expression`1 expression) in C:\Users\otaxo\source\repos\ForApiProject\ForApiProject.Service\Services\ProductService.cs:line 57
   at ForApiProject.API.Controllers.ProductsController.GetAllAsync(PaginationParams params) in C:\Users\otaxo\source\repos\ForApiProject\ForApiProject.API\Controllers\ProductsController.cs:line 30
   at lambda_method5(Closure , Object )
   at Microsoft.AspNetCore.Mvc.Infrastructure.ActionMethodExecutor.AwaitableObjectResultExecutor.Execute(IActionResultTypeMapper mapper, ObjectMethodExecutor executor, Object controller, Object[] arguments)
   at Microsoft.AspNetCore.Mvc.Infrastructure.ControllerActionInvoker.<InvokeActionMethodAsync>g__Awaited|12_0(ControllerActionInvoker invoker, ValueTask`1 actionResultValueTask)
   at Microsoft.AspNetCore.Mvc.Infrastructure.ControllerActionInvoker.<InvokeNextActionFilterAsync>g__Awaited|10_0(ControllerActionInvoker invoker, Task lastTask, State next, Scope scope, Object state, Boolean isCompleted)
   at Microsoft.AspNetCore.Mvc.Infrastructure.ControllerActionInvoker.Rethrow(ActionExecutedContextSealed context)
   at Microsoft.AspNetCore.Mvc.Infrastructure.ControllerActionInvoker.Next(State& next, Scope& scope, Object& state, Boolean& isCompleted)
   at Microsoft.AspNetCore.Mvc.Infrastructure.ControllerActionInvoker.InvokeInnerFilterAsync()
--- End of stack trace from previous location ---
   at Microsoft.AspNetCore.Mvc.Infrastructure.ResourceInvoker.<InvokeFilterPipelineAsync>g__Awaited|20_0(ResourceInvoker invoker, Task lastTask, State next, Scope scope, Object state, Boolean isCompleted)
   at Microsoft.AspNetCore.Mvc.Infrastructure.ResourceInvoker.<InvokeAsync>g__Awaited|17_0(ResourceInvoker invoker, Task task, IDisposable scope)
   at Microsoft.AspNetCore.Mvc.Infrastructure.ResourceInvoker.<InvokeAsync>g__Awaited|17_0(ResourceInvoker invoker, Task task, IDisposable scope)
   at Microsoft.AspNetCore.Routing.EndpointMiddleware.<Invoke>g__AwaitRequestTask|6_0(Endpoint endpoint, Task requestTask, ILogger logger)
   at Microsoft.AspNetCore.Authorization.AuthorizationMiddleware.Invoke(HttpContext context)
   at ForApiProject.API.Middlewares.Middleware.Invoke(HttpContext context) in C:\Users\otaxo\source\repos\ForApiProject\ForApiProject.API\Middlewares\Middleware.cs:line 24
